-------------------------------------------------------------------------------
Test set: com.adrian.SpringRestMySqlApplicationTests
-------------------------------------------------------------------------------
Tests run: 1, Failures: 0, Errors: 1, Skipped: 0, Time elapsed: 9.638 s <<< FAILURE! - in com.adrian.SpringRestMySqlApplicationTests
contextLoads(com.adrian.SpringRestMySqlApplicationTests)  Time elapsed: 0 s  <<< ERROR!
java.lang.IllegalStateException: Failed to load ApplicationContext
Caused by: org.springframework.beans.factory.BeanCreationException: 
Error creating bean with name 'requestMappingHandlerMapping' defined in class path resource [org/springframework/boot/autoconfigure/web/servlet/WebMvcAutoConfiguration$EnableWebMvcConfiguration.class]: Invocation of init method failed; nested exception is java.lang.IllegalStateException: Ambiguous mapping. Cannot map 'hotelController' method 
public java.util.List<com.adrian.mapper.ApartmentsSearchResultViewMapper> com.adrian.controller.HotelController.getHotels(java.lang.String,java.lang.String,java.lang.String,java.lang.String)
to {[/hotel/search],methods=[GET]}: There is already 'hotelController' bean method
public com.adrian.mapper.ApartmentDetailsViewMapper com.adrian.controller.HotelController.getApartmentDetails(java.lang.String) mapped.
Caused by: java.lang.IllegalStateException: 
Ambiguous mapping. Cannot map 'hotelController' method 
public java.util.List<com.adrian.mapper.ApartmentsSearchResultViewMapper> com.adrian.controller.HotelController.getHotels(java.lang.String,java.lang.String,java.lang.String,java.lang.String)
to {[/hotel/search],methods=[GET]}: There is already 'hotelController' bean method
public com.adrian.mapper.ApartmentDetailsViewMapper com.adrian.controller.HotelController.getApartmentDetails(java.lang.String) mapped.

